Performing C SOURCE FILE Test _GLFW_HAS_64ASLR failed with the following output:
Change Dir: C:/Users/cl0udman/workspace/mandelbrotSetViewer/CMakeFiles/CMakeTmp

Run Build Command:"C:/MinGW/bin/mingw32-make.exe" "cmTC_6f7c6/fast"
C:/MinGW/bin/mingw32-make.exe -f CMakeFiles\cmTC_6f7c6.dir\build.make CMakeFiles/cmTC_6f7c6.dir/build
mingw32-make.exe[1]: Entering directory 'C:/Users/cl0udman/workspace/mandelbrotSetViewer/CMakeFiles/CMakeTmp'
Building C object CMakeFiles/cmTC_6f7c6.dir/src.c.obj
C:\MinGW\bin\gcc.exe    -D_GLFW_HAS_64ASLR -Wl,--high-entropy-va   -o CMakeFiles\cmTC_6f7c6.dir\src.c.obj   -c C:\Users\cl0udman\workspace\mandelbrotSetViewer\CMakeFiles\CMakeTmp\src.c
Linking C executable cmTC_6f7c6.exe
"C:\Program Files (x86)\CMake\bin\cmake.exe" -E cmake_link_script CMakeFiles\cmTC_6f7c6.dir\link.txt --verbose=1
"C:\Program Files (x86)\CMake\bin\cmake.exe" -E remove -f CMakeFiles\cmTC_6f7c6.dir/objects.a
C:\MinGW\bin\ar.exe cr CMakeFiles\cmTC_6f7c6.dir/objects.a @CMakeFiles\cmTC_6f7c6.dir\objects1.rsp
C:\MinGW\bin\gcc.exe   -D_GLFW_HAS_64ASLR -Wl,--high-entropy-va    -Wl,--whole-archive CMakeFiles\cmTC_6f7c6.dir/objects.a -Wl,--no-whole-archive  -o cmTC_6f7c6.exe -Wl,--out-implib,libcmTC_6f7c6.dll.a -Wl,--major-image-version,0,--minor-image-version,0 @CMakeFiles\cmTC_6f7c6.dir\linklibs.rsp
C:/MinGW/bin/../lib/gcc/i686-w64-mingw32/6.2.0/../../../../i686-w64-mingw32/bin/ld.exe: unrecognized option '--high-entropy-va'
C:/MinGW/bin/../lib/gcc/i686-w64-mingw32/6.2.0/../../../../i686-w64-mingw32/bin/ld.exe: use the --help option for usage information
collect2.exe: error: ld returned 1 exit status
CMakeFiles\cmTC_6f7c6.dir\build.make:98: recipe for target 'cmTC_6f7c6.exe' failed
mingw32-make.exe[1]: *** [cmTC_6f7c6.exe] Error 1
mingw32-make.exe[1]: Leaving directory 'C:/Users/cl0udman/workspace/mandelbrotSetViewer/CMakeFiles/CMakeTmp'
Makefile:125: recipe for target 'cmTC_6f7c6/fast' failed
mingw32-make.exe: *** [cmTC_6f7c6/fast] Error 2

Source file was:
int main(void) { return 0; }
